
  .   ____          _            __ _ _
 /\\ / ___'_ __ _ _(_)_ __  __ _ \ \ \ \
( ( )\___ | '_ | '_| | '_ \/ _` | \ \ \ \
 \\/  ___)| |_)| | | | | || (_| |  ) ) ) )
  '  |____| .__|_| |_|_| |_\__, | / / / /
 =========|_|==============|___/=/_/_/_/

 :: Spring Boot ::                (v4.0.6)

2026-05-28T19:31:24.272+09:00  INFO 17880 --- [           main] com.fivemin.Application                  : Starting Application v0.0.1-SNAPSHOT using Java 21.0.6 with PID 17880 (C:\Users\jaehw\workspace\5MIN\back\build\libs\back-0.0.1-SNAPSHOT.jar started by jaehw in C:\Users\jaehw\workspace\5MIN\back)
2026-05-28T19:31:24.290+09:00  INFO 17880 --- [           main] com.fivemin.Application                  : No active profile set, falling back to 1 default profile: "default"
2026-05-28T19:31:25.863+09:00  INFO 17880 --- [           main] .s.d.r.c.RepositoryConfigurationDelegate : Bootstrapping Spring Data JPA repositories in DEFAULT mode.
2026-05-28T19:31:25.906+09:00  INFO 17880 --- [           main] .s.d.r.c.RepositoryConfigurationDelegate : Finished Spring Data repository scanning in 23 ms. Found 0 JPA repository interfaces.
2026-05-28T19:31:26.943+09:00  INFO 17880 --- [           main] o.s.boot.tomcat.TomcatWebServer          : Tomcat initialized with port 8080 (http)
2026-05-28T19:31:26.980+09:00  INFO 17880 --- [           main] o.apache.catalina.core.StandardService   : Starting service [Tomcat]
2026-05-28T19:31:26.987+09:00  INFO 17880 --- [           main] o.apache.catalina.core.StandardEngine    : Starting Servlet engine: [Apache Tomcat/11.0.21]
2026-05-28T19:31:27.076+09:00  INFO 17880 --- [           main] b.w.c.s.WebApplicationContextInitializer : Root WebApplicationContext: initialization completed in 2660 ms
2026-05-28T19:31:27.491+09:00  INFO 17880 --- [           main] com.zaxxer.hikari.HikariDataSource       : HikariPool-1 - Starting...
2026-05-28T19:31:28.187+09:00  INFO 17880 --- [           main] com.zaxxer.hikari.pool.HikariPool        : HikariPool-1 - Added connection com.mysql.cj.jdbc.ConnectionImpl@3cdff901
2026-05-28T19:31:28.198+09:00  INFO 17880 --- [           main] com.zaxxer.hikari.HikariDataSource       : HikariPool-1 - Start completed.
2026-05-28T19:31:28.287+09:00  INFO 17880 --- [           main] org.hibernate.orm.jpa                    : HHH008540: Processing PersistenceUnitInfo [name: default]
2026-05-28T19:31:28.462+09:00  INFO 17880 --- [           main] org.hibernate.orm.core                   : HHH000001: Hibernate ORM core version 7.2.12.Final
2026-05-28T19:31:29.757+09:00  INFO 17880 --- [           main] o.s.o.j.p.SpringPersistenceUnitInfo      : No LoadTimeWeaver setup: ignoring JPA class transformer
2026-05-28T19:31:30.117+09:00  INFO 17880 --- [           main] org.hibernate.orm.connections.pooling    : HHH10001005: Database info:
	Database JDBC URL [jdbc:mysql://fivemin-db.clgowq824mdk.ap-northeast-2.rds.amazonaws.com:3306/fivemin?useSSL=false&serverTimezone=Asia/Seoul&allowPublicKeyRetrieval=true&createDatabaseIfNotExist=true]
	Database driver: MySQL Connector/J
	Database dialect: MySQLDialect
	Database version: 8.4.8
	Default catalog/schema: fivemin/undefined
	Autocommit mode: undefined/unknown
	Isolation level: REPEATABLE_READ [default REPEATABLE_READ]
	JDBC fetch size: none
	Pool: DataSourceConnectionProvider
	Minimum pool size: undefined/unknown
	Maximum pool size: undefined/unknown
2026-05-28T19:31:31.519+09:00  INFO 17880 --- [           main] org.hibernate.orm.core                   : HHH000489: No JTA platform available (set 'hibernate.transaction.jta.platform' to enable JTA platform integration)
2026-05-28T19:31:31.540+09:00  INFO 17880 --- [           main] j.LocalContainerEntityManagerFactoryBean : Initialized JPA EntityManagerFactory for persistence unit 'default'
2026-05-28T19:31:31.711+09:00  WARN 17880 --- [           main] JpaBaseConfiguration$JpaWebConfiguration : spring.jpa.open-in-view is enabled by default. Therefore, database queries may be performed during view rendering. Explicitly configure spring.jpa.open-in-view to disable this warning
2026-05-28T19:31:33.317+09:00  INFO 17880 --- [           main] o.s.boot.tomcat.TomcatWebServer          : Tomcat started on port 8080 (http) with context path '/'
2026-05-28T19:31:33.378+09:00  INFO 17880 --- [           main] com.fivemin.Application                  : Started Application in 10.388 seconds (process running for 12.598)

  ? 5MIN BACKEND ? ONLINE
  ? 골든타임, 지금부터 카운트합니다.

  http://localhost:8080/api/emergency

2026-05-28T19:31:52.861+09:00  INFO 17880 --- [nio-8080-exec-1] o.a.c.c.C.[Tomcat].[localhost].[/]       : Initializing Spring DispatcherServlet 'dispatcherServlet'
2026-05-28T19:31:52.862+09:00  INFO 17880 --- [nio-8080-exec-1] o.s.web.servlet.DispatcherServlet        : Initializing Servlet 'dispatcherServlet'
2026-05-28T19:31:52.864+09:00  INFO 17880 --- [nio-8080-exec-1] o.s.web.servlet.DispatcherServlet        : Completed initialization in 2 ms
